<?xml version="1.0" encoding="UTF-8"?>
<!-- Generated by org.testng.reporters.JUnitReportReporter -->
<testsuite hostname="DESKTOP-KNCSFLB" failures="0" tests="3" name="seleniumScript.TestLogin" time="74.838" errors="0" timestamp="2023-11-19T21:00:19 CST" skipped="0">
  <testcase classname="seleniumScript.TestLogin" name="invocarNavegador" time="2.591"/>
  <system-out/>
  <testcase classname="seleniumScript.TestLogin" name="verificarLoginAseisNew" time="0.400"/>
  <system-out/>
  <testcase classname="seleniumScript.TestLogin" name="testNoticiasPublicadasInfo" time="71.847"/>
  <system-out/>
</testsuite> <!-- seleniumScript.TestLogin -->
